applyHomography.obj : error LNK2019: unresolved external symbol "void __cdecl cv::error(int,class std::basic_string<char,struct std::char_traits<char>,class std::allocator<char> > const &,char const *,char const *,int)" (?error@cv@@YAXHAEBV?$basic_string@DU?$char_traits@D@std@@V?$allocator@D@2@@std@@PEBD1H@Z) referenced in function "public: double & __cdecl cv::Mat::at<double>(int,int)" (??$at@N@Mat@cv@@QEAAAEANHH@Z)
applyHomography.obj : error LNK2019: unresolved external symbol "public: __cdecl cv::Mat::Mat(void)" (??0Mat@cv@@QEAA@XZ) referenced in function main
applyHomography.obj : error LNK2019: unresolved external symbol "public: __cdecl cv::Mat::~Mat(void)" (??1Mat@cv@@QEAA@XZ) referenced in function main
applyHomography.obj : error LNK2019: unresolved external symbol "public: static class cv::MatExpr __cdecl cv::Mat::eye(class cv::Size_<int>,int)" (?eye@Mat@cv@@SA?AVMatExpr@2@V?$Size_@H@2@H@Z) referenced in function main
applyHomography.obj : error LNK2019: unresolved external symbol "public: bool __cdecl cv::Mat::empty(void)const " (?empty@Mat@cv@@QEBA_NXZ) referenced in function main
applyHomography.obj : error LNK2019: unresolved external symbol "public: __cdecl cv::Mat::Mat(class cv::Mat &&)" (??0Mat@cv@@QEAA@$$QEAV01@@Z) referenced in function "public: __cdecl cv::MatExpr::operator class cv::Mat(void)const " (??BMatExpr@cv@@QEBA?AVMat@1@XZ)
applyHomography.obj : error LNK2019: unresolved external symbol "public: class cv::Mat & __cdecl cv::Mat::operator=(class cv::Mat &&)" (??4Mat@cv@@QEAAAEAV01@$$QEAV01@@Z) referenced in function main
applyHomography.obj : error LNK2019: unresolved external symbol "public: __cdecl cv::FileStorage::FileStorage(void)" (??0FileStorage@cv@@QEAA@XZ) referenced in function main
applyHomography.obj : error LNK2019: unresolved external symbol "public: virtual __cdecl cv::FileStorage::~FileStorage(void)" (??1FileStorage@cv@@UEAA@XZ) referenced in function main
applyHomography.obj : error LNK2019: unresolved external symbol "public: virtual bool __cdecl cv::FileStorage::open(class std::basic_string<char,struct std::char_traits<char>,class std::allocator<char> > const &,int,class std::basic_string<char,struct std::char_traits<char>,class std::allocator<char> > const &)" (?open@FileStorage@cv@@UEAA_NAEBV?$basic_string@DU?$char_traits@D@std@@V?$allocator@D@2@@std@@H0@Z) referenced in function main
applyHomography.obj : error LNK2019: unresolved external symbol "public: class cv::FileNode __cdecl cv::FileStorage::operator[](char const *)const " (??AFileStorage@cv@@QEBA?AVFileNode@1@PEBD@Z) referenced in function main
applyHomography.obj : error LNK2019: unresolved external symbol "void __cdecl cv::read(class cv::FileNode const &,class cv::Mat &,class cv::Mat const &)" (?read@cv@@YAXAEBVFileNode@1@AEAVMat@1@AEBV31@@Z) referenced in function "void __cdecl cv::operator>><class cv::Mat>(class cv::FileNode const &,class cv::Mat &)" (??$?5VMat@cv@@@cv@@YAXAEBVFileNode@0@AEAVMat@0@@Z)
applyHomography.obj : error LNK2019: unresolved external symbol "void __cdecl cv::gemm(class cv::debug_build_guard::_InputArray const &,class cv::debug_build_guard::_InputArray const &,double,class cv::debug_build_guard::_InputArray const &,double,class cv::debug_build_guard::_OutputArray const &,int)" (?gemm@cv@@YAXAEBV_InputArray@debug_build_guard@1@0N0NAEBV_OutputArray@31@H@Z) referenced in function main
applyHomography.obj : error LNK2019: unresolved external symbol "public: __cdecl cv::CommandLineParser::CommandLineParser(int,char const * const * const,class std::basic_string<char,struct std::char_traits<char>,class std::allocator<char> > const &)" (??0CommandLineParser@cv@@QEAA@HQEBQEBDAEBV?$basic_string@DU?$char_traits@D@std@@V?$allocator@D@2@@std@@@Z) referenced in function main
applyHomography.obj : error LNK2019: unresolved external symbol "public: __cdecl cv::CommandLineParser::~CommandLineParser(void)" (??1CommandLineParser@cv@@QEAA@XZ) referenced in function main
applyHomography.obj : error LNK2019: unresolved external symbol "protected: void __cdecl cv::CommandLineParser::getByIndex(int,bool,enum cv::Param,void *)const " (?getByIndex@CommandLineParser@cv@@IEBAXH_NW4Param@2@PEAX@Z) referenced in function "public: int __cdecl cv::CommandLineParser::get<int>(int,bool)const " (??$get@H@CommandLineParser@cv@@QEBAHH_N@Z)
applyHomography.obj : error LNK2019: unresolved external symbol "class cv::Mat __cdecl cv::imread(class std::basic_string<char,struct std::char_traits<char>,class std::allocator<char> > const &,int)" (?imread@cv@@YA?AVMat@1@AEBV?$basic_string@DU?$char_traits@D@std@@V?$allocator@D@2@@std@@H@Z) referenced in function main
applyHomography.obj : error LNK2019: unresolved external symbol "bool __cdecl cv::imwrite(class std::basic_string<char,struct std::char_traits<char>,class std::allocator<char> > const &,class cv::debug_build_guard::_InputArray const &,class std::vector<int,class std::allocator<int> > const &)" (?imwrite@cv@@YA_NAEBV?$basic_string@DU?$char_traits@D@std@@V?$allocator@D@2@@std@@AEBV_InputArray@debug_build_guard@1@AEBV?$vector@HV?$allocator@H@std@@@3@@Z) referenced in function main
applyHomography.obj : error LNK2019: unresolved external symbol "public: __cdecl cv::VideoCapture::VideoCapture(void)" (??0VideoCapture@cv@@QEAA@XZ) referenced in function main
applyHomography.obj : error LNK2019: unresolved external symbol "public: __cdecl cv::VideoCapture::VideoCapture(class std::basic_string<char,struct std::char_traits<char>,class std::allocator<char> > const &,int)" (??0VideoCapture@cv@@QEAA@AEBV?$basic_string@DU?$char_traits@D@std@@V?$allocator@D@2@@std@@H@Z) referenced in function main
applyHomography.obj : error LNK2019: unresolved external symbol "public: virtual __cdecl cv::VideoCapture::~VideoCapture(void)" (??1VideoCapture@cv@@UEAA@XZ) referenced in function main
applyHomography.obj : error LNK2019: unresolved external symbol "public: virtual void __cdecl cv::VideoCapture::release(void)" (?release@VideoCapture@cv@@UEAAXXZ) referenced in function main
applyHomography.obj : error LNK2019: unresolved external symbol "public: __cdecl cv::VideoWriter::VideoWriter(void)" (??0VideoWriter@cv@@QEAA@XZ) referenced in function main
applyHomography.obj : error LNK2019: unresolved external symbol "public: __cdecl cv::VideoWriter::VideoWriter(class std::basic_string<char,struct std::char_traits<char>,class std::allocator<char> > const &,int,double,class cv::Size_<int>,bool)" (??0VideoWriter@cv@@QEAA@AEBV?$basic_string@DU?$char_traits@D@std@@V?$allocator@D@2@@std@@HNV?$Size_@H@1@_N@Z) referenced in function main
applyHomography.obj : error LNK2019: unresolved external symbol "public: virtual __cdecl cv::VideoWriter::~VideoWriter(void)" (??1VideoWriter@cv@@UEAA@XZ) referenced in function main
applyHomography.obj : error LNK2019: unresolved external symbol "public: virtual void __cdecl cv::VideoWriter::release(void)" (?release@VideoWriter@cv@@UEAAXXZ) referenced in function main
applyHomography.obj : error LNK2019: unresolved external symbol "public: virtual void __cdecl cv::VideoWriter::write(class cv::debug_build_guard::_InputArray const &)" (?write@VideoWriter@cv@@UEAAXAEBV_InputArray@debug_build_guard@2@@Z) referenced in function main
applyHomography.obj : error LNK2019: unresolved external symbol "public: static int __cdecl cv::VideoWriter::fourcc(char,char,char,char)" (?fourcc@VideoWriter@cv@@SAHDDDD@Z) referenced in function main
applyHomography.obj : error LNK2019: unresolved external symbol "int __cdecl cv::waitKey(int)" (?waitKey@cv@@YAHH@Z) referenced in function main
applyHomography.obj : error LNK2019: unresolved external symbol "void __cdecl cv::imshow(class std::basic_string<char,struct std::char_traits<char>,class std::allocator<char> > const &,class cv::debug_build_guard::_InputArray const &)" (?imshow@cv@@YAXAEBV?$basic_string@DU?$char_traits@D@std@@V?$allocator@D@2@@std@@AEBV_InputArray@debug_build_guard@1@@Z) referenced in function main
applyHomography.obj : error LNK2019: unresolved external symbol "void __cdecl cv::warpPerspective(class cv::debug_build_guard::_InputArray const &,class cv::debug_build_guard::_OutputArray const &,class cv::debug_build_guard::_InputArray const &,class cv::Size_<int>,int,int,class cv::Scalar_<double> const &)" (?warpPerspective@cv@@YAXAEBV_InputArray@debug_build_guard@1@AEBV_OutputArray@31@0V?$Size_@H@1@HHAEBV?$Scalar_@N@1@@Z) referenced in function main
C:\Users\micha\Desktop\cpsspatialar\build\bin\Debug\applyHomography.exe : fatal error LNK1120: 31 unresolved externals
