  Building Custom Rule C:/Users/micha/Desktop/cpsspatialar/src/apps/calibrateProj/CMakeLists.txt
  calibrateProj.cpp
calibrateProj.obj : error LNK2019: unresolved external symbol __imp_glewInit referenced in function "void __cdecl init(double,double)" (?init@@YAXNN@Z)
calibrateProj.obj : error LNK2019: unresolved external symbol glfwInit referenced in function "void __cdecl init(double,double)" (?init@@YAXNN@Z)
calibrateProj.obj : error LNK2019: unresolved external symbol glfwCreateWindow referenced in function "void __cdecl init(double,double)" (?init@@YAXNN@Z)
calibrateProj.obj : error LNK2019: unresolved external symbol glfwDestroyWindow referenced in function "void __cdecl keyboard(struct GLFWwindow *,int,int,int,int)" (?keyboard@@YAXPEAUGLFWwindow@@HHHH@Z)
calibrateProj.obj : error LNK2019: unresolved external symbol glfwSetWindowSize referenced in function "void __cdecl reshape(int,int)" (?reshape@@YAXHH@Z)
calibrateProj.obj : error LNK2019: unresolved external symbol glfwSetWindowSizeCallback referenced in function "void __cdecl init(double,double)" (?init@@YAXNN@Z)
calibrateProj.obj : error LNK2019: unresolved external symbol glfwPollEvents referenced in function main
calibrateProj.obj : error LNK2019: unresolved external symbol glfwGetKey referenced in function main
calibrateProj.obj : error LNK2019: unresolved external symbol glfwGetCursorPos referenced in function "void __cdecl init(double,double)" (?init@@YAXNN@Z)
calibrateProj.obj : error LNK2019: unresolved external symbol glfwSetKeyCallback referenced in function "void __cdecl init(double,double)" (?init@@YAXNN@Z)
calibrateProj.obj : error LNK2019: unresolved external symbol glfwSetCursorPosCallback referenced in function "void __cdecl init(double,double)" (?init@@YAXNN@Z)
calibrateProj.obj : error LNK2019: unresolved external symbol glfwSetScrollCallback referenced in function "void __cdecl init(double,double)" (?init@@YAXNN@Z)
calibrateProj.obj : error LNK2019: unresolved external symbol glfwMakeContextCurrent referenced in function "void __cdecl init(double,double)" (?init@@YAXNN@Z)
calibrateProj.obj : error LNK2019: unresolved external symbol glfwSwapBuffers referenced in function "void __cdecl display(void)" (?display@@YAXXZ)
calibrateProj.obj : error LNK2019: unresolved external symbol "void __cdecl cv::error(int,class std::basic_string<char,struct std::char_traits<char>,class std::allocator<char> > const &,char const *,char const *,int)" (?error@cv@@YAXHAEBV?$basic_string@DU?$char_traits@D@std@@V?$allocator@D@2@@std@@PEBD1H@Z) referenced in function "class cv::FileStorage & __cdecl cv::operator<<<class cv::Mat>(class cv::FileStorage &,class cv::Mat const &)" (??$?6VMat@cv@@@cv@@YAAEAVFileStorage@0@AEAV10@AEBVMat@0@@Z)
calibrateProj.obj : error LNK2019: unresolved external symbol "class cv::debug_build_guard::_InputOutputArray const & __cdecl cv::noArray(void)" (?noArray@cv@@YAAEBV_InputOutputArray@debug_build_guard@1@XZ) referenced in function main
calibrateProj.obj : error LNK2019: unresolved external symbol "public: __cdecl cv::Mat::Mat(void)" (??0Mat@cv@@QEAA@XZ) referenced in function main
calibrateProj.obj : error LNK2019: unresolved external symbol "public: __cdecl cv::Mat::Mat(int,int,int)" (??0Mat@cv@@QEAA@HHH@Z) referenced in function "void __cdecl init(double,double)" (?init@@YAXNN@Z)
calibrateProj.obj : error LNK2019: unresolved external symbol "public: __cdecl cv::Mat::Mat(int,int,int,class cv::Scalar_<double> const &)" (??0Mat@cv@@QEAA@HHHAEBV?$Scalar_@N@1@@Z) referenced in function main
calibrateProj.obj : error LNK2019: unresolved external symbol "public: __cdecl cv::Mat::Mat(class cv::Mat const &)" (??0Mat@cv@@QEAA@AEBV01@@Z) referenced in function "void __cdecl display(void)" (?display@@YAXXZ)
calibrateProj.obj : error LNK2019: unresolved external symbol "public: __cdecl cv::Mat::Mat(int,int,int,void *,unsigned __int64)" (??0Mat@cv@@QEAA@HHHPEAX_K@Z) referenced in function "public: __cdecl cv::Mat::operator<double,4> class cv::Vec<double,4>(void)const " (??$?BN$03@Mat@cv@@QEBA?AV?$Vec@N$03@1@XZ)
calibrateProj.obj : error LNK2019: unresolved external symbol "public: __cdecl cv::Mat::Mat(class cv::Mat const &,class cv::Range const &,class cv::Range const &)" (??0Mat@cv@@QEAA@AEBV01@AEBVRange@1@1@Z) referenced in function "public: class cv::Mat __cdecl cv::Mat::col(int)const " (?col@Mat@cv@@QEBA?AV12@H@Z)
calibrateProj.obj : error LNK2019: unresolved external symbol "public: __cdecl cv::Mat::~Mat(void)" (??1Mat@cv@@QEAA@XZ) referenced in function "void __cdecl display(void)" (?display@@YAXXZ)
calibrateProj.obj : error LNK2019: unresolved external symbol "public: void __cdecl cv::Mat::copyTo(class cv::debug_build_guard::_OutputArray const &)const " (?copyTo@Mat@cv@@QEBAXAEBV_OutputArray@debug_build_guard@2@@Z) referenced in function main
calibrateProj.obj : error LNK2019: unresolved external symbol "public: void __cdecl cv::Mat::convertTo(class cv::debug_build_guard::_OutputArray const &,int,double,double)const " (?convertTo@Mat@cv@@QEBAXAEBV_OutputArray@debug_build_guard@2@HNN@Z) referenced in function "public: __cdecl cv::Mat::operator<double,4> class cv::Vec<double,4>(void)const " (??$?BN$03@Mat@cv@@QEBA?AV?$Vec@N$03@1@XZ)
calibrateProj.obj : error LNK2019: unresolved external symbol "public: static class cv::MatExpr __cdecl cv::Mat::zeros(int,int,int)" (?zeros@Mat@cv@@SA?AVMatExpr@2@HHH@Z) referenced in function main
calibrateProj.obj : error LNK2019: unresolved external symbol "public: static class cv::MatExpr __cdecl cv::Mat::eye(int,int,int)" (?eye@Mat@cv@@SA?AVMatExpr@2@HHH@Z) referenced in function main
calibrateProj.obj : error LNK2019: unresolved external symbol "public: static class cv::MatExpr __cdecl cv::Mat::eye(class cv::Size_<int>,int)" (?eye@Mat@cv@@SA?AVMatExpr@2@V?$Size_@H@2@H@Z) referenced in function main
calibrateProj.obj : error LNK2019: unresolved external symbol "public: __cdecl cv::Mat::Mat(class cv::Mat &&)" (??0Mat@cv@@QEAA@$$QEAV01@@Z) referenced in function "public: __cdecl cv::MatExpr::operator class cv::Mat(void)const " (??BMatExpr@cv@@QEBA?AVMat@1@XZ)
calibrateProj.obj : error LNK2019: unresolved external symbol "public: class cv::Mat & __cdecl cv::Mat::operator=(class cv::Mat &&)" (??4Mat@cv@@QEAAAEAV01@$$QEAV01@@Z) referenced in function main
calibrateProj.obj : error LNK2019: unresolved external symbol "public: __cdecl cv::FileStorage::FileStorage(void)" (??0FileStorage@cv@@QEAA@XZ) referenced in function main
calibrateProj.obj : error LNK2019: unresolved external symbol "public: __cdecl cv::FileStorage::FileStorage(class std::basic_string<char,struct std::char_traits<char>,class std::allocator<char> > const &,int,class std::basic_string<char,struct std::char_traits<char>,class std::allocator<char> > const &)" (??0FileStorage@cv@@QEAA@AEBV?$basic_string@DU?$char_traits@D@std@@V?$allocator@D@2@@std@@H0@Z) referenced in function main
calibrateProj.obj : error LNK2019: unresolved external symbol "public: virtual __cdecl cv::FileStorage::~FileStorage(void)" (??1FileStorage@cv@@UEAA@XZ) referenced in function main
calibrateProj.obj : error LNK2019: unresolved external symbol "public: virtual bool __cdecl cv::FileStorage::open(class std::basic_string<char,struct std::char_traits<char>,class std::allocator<char> > const &,int,class std::basic_string<char,struct std::char_traits<char>,class std::allocator<char> > const &)" (?open@FileStorage@cv@@UEAA_NAEBV?$basic_string@DU?$char_traits@D@std@@V?$allocator@D@2@@std@@H0@Z) referenced in function main
calibrateProj.obj : error LNK2019: unresolved external symbol "public: virtual void __cdecl cv::FileStorage::release(void)" (?release@FileStorage@cv@@UEAAXXZ) referenced in function main
calibrateProj.obj : error LNK2019: unresolved external symbol "public: class cv::FileNode __cdecl cv::FileStorage::operator[](char const *)const " (??AFileStorage@cv@@QEBA?AVFileNode@1@PEBD@Z) referenced in function main
calibrateProj.obj : error LNK2019: unresolved external symbol "void __cdecl cv::write(class cv::FileStorage &,class std::basic_string<char,struct std::char_traits<char>,class std::allocator<char> > const &,int)" (?write@cv@@YAXAEAVFileStorage@1@AEBV?$basic_string@DU?$char_traits@D@std@@V?$allocator@D@2@@std@@H@Z) referenced in function "class cv::FileStorage & __cdecl cv::operator<<<int>(class cv::FileStorage &,int const &)" (??$?6H@cv@@YAAEAVFileStorage@0@AEAV10@AEBH@Z)
calibrateProj.obj : error LNK2019: unresolved external symbol "void __cdecl cv::write(class cv::FileStorage &,class std::basic_string<char,struct std::char_traits<char>,class std::allocator<char> > const &,class cv::Mat const &)" (?write@cv@@YAXAEAVFileStorage@1@AEBV?$basic_string@DU?$char_traits@D@std@@V?$allocator@D@2@@std@@AEBVMat@1@@Z) referenced in function "class cv::FileStorage & __cdecl cv::operator<<<class cv::Mat>(class cv::FileStorage &,class cv::Mat const &)" (??$?6VMat@cv@@@cv@@YAAEAVFileStorage@0@AEAV10@AEBVMat@0@@Z)
calibrateProj.obj : error LNK2019: unresolved external symbol "void __cdecl cv::read(class cv::FileNode const &,int &,int)" (?read@cv@@YAXAEBVFileNode@1@AEAHH@Z) referenced in function "void __cdecl cv::operator>><int>(class cv::FileNode const &,int &)" (??$?5H@cv@@YAXAEBVFileNode@0@AEAH@Z)
calibrateProj.obj : error LNK2019: unresolved external symbol "void __cdecl cv::read(class cv::FileNode const &,class cv::Mat &,class cv::Mat const &)" (?read@cv@@YAXAEBVFileNode@1@AEAVMat@1@AEBV31@@Z) referenced in function "void __cdecl cv::operator>><class cv::Mat>(class cv::FileNode const &,class cv::Mat &)" (??$?5VMat@cv@@@cv@@YAXAEBVFileNode@0@AEAVMat@0@@Z)
calibrateProj.obj : error LNK2019: unresolved external symbol "class cv::FileStorage & __cdecl cv::operator<<(class cv::FileStorage &,class std::basic_string<char,struct std::char_traits<char>,class std::allocator<char> > const &)" (??6cv@@YAAEAVFileStorage@0@AEAV10@AEBV?$basic_string@DU?$char_traits@D@std@@V?$allocator@D@2@@std@@@Z) referenced in function "class cv::FileStorage & __cdecl cv::operator<<(class cv::FileStorage &,char const *)" (??6cv@@YAAEAVFileStorage@0@AEAV10@PEBD@Z)
calibrateProj.obj : error LNK2019: unresolved external symbol "public: __cdecl cv::CommandLineParser::CommandLineParser(int,char const * const * const,class std::basic_string<char,struct std::char_traits<char>,class std::allocator<char> > const &)" (??0CommandLineParser@cv@@QEAA@HQEBQEBDAEBV?$basic_string@DU?$char_traits@D@std@@V?$allocator@D@2@@std@@@Z) referenced in function main
calibrateProj.obj : error LNK2019: unresolved external symbol "public: __cdecl cv::CommandLineParser::~CommandLineParser(void)" (??1CommandLineParser@cv@@QEAA@XZ) referenced in function main
calibrateProj.obj : error LNK2019: unresolved external symbol "protected: void __cdecl cv::CommandLineParser::getByIndex(int,bool,enum cv::Param,void *)const " (?getByIndex@CommandLineParser@cv@@IEBAXH_NW4Param@2@PEAX@Z) referenced in function "public: int __cdecl cv::CommandLineParser::get<int>(int,bool)const " (??$get@H@CommandLineParser@cv@@QEBAHH_N@Z)
calibrateProj.obj : error LNK2019: unresolved external symbol "void __cdecl cv::resize(class cv::debug_build_guard::_InputArray const &,class cv::debug_build_guard::_OutputArray const &,class cv::Size_<int>,double,double,int)" (?resize@cv@@YAXAEBV_InputArray@debug_build_guard@1@AEBV_OutputArray@31@V?$Size_@H@1@NNH@Z) referenced in function main
calibrateProj.obj : error LNK2019: unresolved external symbol "void __cdecl cv::warpPerspective(class cv::debug_build_guard::_InputArray const &,class cv::debug_build_guard::_OutputArray const &,class cv::debug_build_guard::_InputArray const &,class cv::Size_<int>,int,int,class cv::Scalar_<double> const &)" (?warpPerspective@cv@@YAXAEBV_InputArray@debug_build_guard@1@AEBV_OutputArray@31@0V?$Size_@H@1@HHAEBV?$Scalar_@N@1@@Z) referenced in function main
calibrateProj.obj : error LNK2019: unresolved external symbol "void __cdecl cv::cvtColor(class cv::debug_build_guard::_InputArray const &,class cv::debug_build_guard::_OutputArray const &,int,int)" (?cvtColor@cv@@YAXAEBV_InputArray@debug_build_guard@1@AEBV_OutputArray@31@HH@Z) referenced in function main
calibrateProj.obj : error LNK2019: unresolved external symbol "void __cdecl cv::circle(class cv::debug_build_guard::_InputOutputArray const &,class cv::Point_<int>,int,class cv::Scalar_<double> const &,int,int,int)" (?circle@cv@@YAXAEBV_InputOutputArray@debug_build_guard@1@V?$Point_@H@1@HAEBV?$Scalar_@N@1@HHH@Z) referenced in function main
calibrateProj.obj : error LNK2019: unresolved external symbol "class cv::Mat __cdecl cv::imread(class std::basic_string<char,struct std::char_traits<char>,class std::allocator<char> > const &,int)" (?imread@cv@@YA?AVMat@1@AEBV?$basic_string@DU?$char_traits@D@std@@V?$allocator@D@2@@std@@H@Z) referenced in function main
calibrateProj.obj : error LNK2019: unresolved external symbol "int __cdecl cv::waitKey(int)" (?waitKey@cv@@YAHH@Z) referenced in function main
calibrateProj.obj : error LNK2019: unresolved external symbol "void __cdecl cv::imshow(class std::basic_string<char,struct std::char_traits<char>,class std::allocator<char> > const &,class cv::debug_build_guard::_InputArray const &)" (?imshow@cv@@YAXAEBV?$basic_string@DU?$char_traits@D@std@@V?$allocator@D@2@@std@@AEBV_InputArray@debug_build_guard@1@@Z) referenced in function main
calibrateProj.obj : error LNK2019: unresolved external symbol "public: __cdecl cv::SimpleBlobDetector::Params::Params(void)" (??0Params@SimpleBlobDetector@cv@@QEAA@XZ) referenced in function main
calibrateProj.obj : error LNK2019: unresolved external symbol "public: static struct cv::Ptr<class cv::SimpleBlobDetector> __cdecl cv::SimpleBlobDetector::create(struct cv::SimpleBlobDetector::Params const &)" (?create@SimpleBlobDetector@cv@@SA?AU?$Ptr@VSimpleBlobDetector@cv@@@2@AEBUParams@12@@Z) referenced in function main
calibrateProj.obj : error LNK2019: unresolved external symbol "void __cdecl cv::Rodrigues(class cv::debug_build_guard::_InputArray const &,class cv::debug_build_guard::_OutputArray const &,class cv::debug_build_guard::_OutputArray const &)" (?Rodrigues@cv@@YAXAEBV_InputArray@debug_build_guard@1@AEBV_OutputArray@31@1@Z) referenced in function main
calibrateProj.obj : error LNK2019: unresolved external symbol "bool __cdecl cv::solvePnP(class cv::debug_build_guard::_InputArray const &,class cv::debug_build_guard::_InputArray const &,class cv::debug_build_guard::_InputArray const &,class cv::debug_build_guard::_InputArray const &,class cv::debug_build_guard::_OutputArray const &,class cv::debug_build_guard::_OutputArray const &,bool,int)" (?solvePnP@cv@@YA_NAEBV_InputArray@debug_build_guard@1@000AEBV_OutputArray@31@1_NH@Z) referenced in function main
calibrateProj.obj : error LNK2019: unresolved external symbol "void __cdecl cv::drawChessboardCorners(class cv::debug_build_guard::_InputOutputArray const &,class cv::Size_<int>,class cv::debug_build_guard::_InputArray const &,bool)" (?drawChessboardCorners@cv@@YAXAEBV_InputOutputArray@debug_build_guard@1@V?$Size_@H@1@AEBV_InputArray@31@_N@Z) referenced in function main
calibrateProj.obj : error LNK2019: unresolved external symbol "bool __cdecl cv::findCirclesGrid(class cv::debug_build_guard::_InputArray const &,class cv::Size_<int>,class cv::debug_build_guard::_OutputArray const &,int,struct cv::Ptr<class cv::Feature2D> const &)" (?findCirclesGrid@cv@@YA_NAEBV_InputArray@debug_build_guard@1@V?$Size_@H@1@AEBV_OutputArray@31@HAEBU?$Ptr@VFeature2D@cv@@@1@@Z) referenced in function main
calibrateProj.obj : error LNK2019: unresolved external symbol "double __cdecl cv::calibrateCamera(class cv::debug_build_guard::_InputArray const &,class cv::debug_build_guard::_InputArray const &,class cv::Size_<int>,class cv::debug_build_guard::_InputOutputArray const &,class cv::debug_build_guard::_InputOutputArray const &,class cv::debug_build_guard::_OutputArray const &,class cv::debug_build_guard::_OutputArray const &,int,class cv::TermCriteria)" (?calibrateCamera@cv@@YANAEBV_InputArray@debug_build_guard@1@0V?$Size_@H@1@AEBV_InputOutputArray@31@2AEBV_OutputArray@31@3HVTermCriteria@1@@Z) referenced in function main
calibrateProj.obj : error LNK2019: unresolved external symbol "void __cdecl cv::triangulatePoints(class cv::debug_build_guard::_InputArray const &,class cv::debug_build_guard::_InputArray const &,class cv::debug_build_guard::_InputArray const &,class cv::debug_build_guard::_InputArray const &,class cv::debug_build_guard::_OutputArray const &)" (?triangulatePoints@cv@@YAXAEBV_InputArray@debug_build_guard@1@000AEBV_OutputArray@31@@Z) referenced in function main
calibrateProj.obj : error LNK2019: unresolved external symbol "public: __cdecl Camera::Camera(void)" (??0Camera@@QEAA@XZ) referenced in function "void __cdecl `dynamic initializer for 'projCam''(void)" (??__EprojCam@@YAXXZ)
calibrateProj.obj : error LNK2019: unresolved external symbol "public: __cdecl Camera::Camera(class Camera const &)" (??0Camera@@QEAA@AEBV0@@Z) referenced in function "public: static void __cdecl std::_Default_allocator_traits<class std::allocator<class Camera> >::construct<class Camera,class Camera &>(class std::allocator<class Camera> &,class Camera * const,class Camera &)" (??$construct@VCamera@@AEAV1@@?$_Default_allocator_traits@V?$allocator@VCamera@@@std@@@std@@SAXAEAV?$allocator@VCamera@@@1@QEAVCamera@@AEAV3@@Z)
calibrateProj.obj : error LNK2019: unresolved external symbol "public: __cdecl Camera::Camera(class cv::Mat &,class cv::Mat &,class cv::Mat &,int,int,float)" (??0Camera@@QEAA@AEAVMat@cv@@00HHM@Z) referenced in function main
calibrateProj.obj : error LNK2019: unresolved external symbol "public: class cv::Vec<float,2> __cdecl Camera::projectLocal(class cv::Vec<float,3>)" (?projectLocal@Camera@@QEAA?AV?$Vec@M$01@cv@@V?$Vec@M$02@3@@Z) referenced in function main
calibrateProj.obj : error LNK2019: unresolved external symbol "public: class cv::Vec<float,3> __cdecl Camera::backprojectLocal(class cv::Vec<float,2>)" (?backprojectLocal@Camera@@QEAA?AV?$Vec@M$02@cv@@V?$Vec@M$01@3@@Z) referenced in function main
calibrateProj.obj : error LNK2019: unresolved external symbol "public: void __cdecl Camera::displayWorld(float,float,float)" (?displayWorld@Camera@@QEAAXMMM@Z) referenced in function "void __cdecl display(void)" (?display@@YAXXZ)
calibrateProj.obj : error LNK2019: unresolved external symbol "public: __cdecl Camera::~Camera(void)" (??1Camera@@QEAA@XZ) referenced in function main
calibrateProj.obj : error LNK2019: unresolved external symbol "public: __cdecl PointCloud::PointCloud(class std::vector<class cv::Point3_<float>,class std::allocator<class cv::Point3_<float> > > &)" (??0PointCloud@@QEAA@AEAV?$vector@V?$Point3_@M@cv@@V?$allocator@V?$Point3_@M@cv@@@std@@@std@@@Z) referenced in function main
calibrateProj.obj : error LNK2019: unresolved external symbol "public: __cdecl PointCloud::PointCloud(class std::vector<class cv::Point3_<float>,class std::allocator<class cv::Point3_<float> > > &,class std::vector<class cv::Point3_<float>,class std::allocator<class cv::Point3_<float> > > &)" (??0PointCloud@@QEAA@AEAV?$vector@V?$Point3_@M@cv@@V?$allocator@V?$Point3_@M@cv@@@std@@@std@@0@Z) referenced in function main
calibrateProj.obj : error LNK2019: unresolved external symbol "public: void __cdecl PointCloud::display(float)" (?display@PointCloud@@QEAAXM@Z) referenced in function "void __cdecl display(void)" (?display@@YAXXZ)
calibrateProj.obj : error LNK2019: unresolved external symbol "public: void __cdecl PointCloud::display(float,float,float,float)" (?display@PointCloud@@QEAAXMMMM@Z) referenced in function "void __cdecl display(void)" (?display@@YAXXZ)
calibrateProj.obj : error LNK2019: unresolved external symbol "public: __cdecl Plane::Plane(class Plane const &)" (??0Plane@@QEAA@AEBV0@@Z) referenced in function main
calibrateProj.obj : error LNK2019: unresolved external symbol "public: __cdecl Plane::Plane(class cv::Mat &)" (??0Plane@@QEAA@AEAVMat@cv@@@Z) referenced in function main
calibrateProj.obj : error LNK2019: unresolved external symbol "public: __cdecl Plane::Plane(class cv::Vec<double,3>,float)" (??0Plane@@QEAA@V?$Vec@N$02@cv@@M@Z) referenced in function main
calibrateProj.obj : error LNK2019: unresolved external symbol "public: __cdecl Plane::Plane(class std::vector<class cv::Point3_<float>,class std::allocator<class cv::Point3_<float> > >,bool)" (??0Plane@@QEAA@V?$vector@V?$Point3_@M@cv@@V?$allocator@V?$Point3_@M@cv@@@std@@@std@@_N@Z) referenced in function main
calibrateProj.obj : error LNK2019: unresolved external symbol "public: void __cdecl Plane::rigidTransform(class cv::Mat &)" (?rigidTransform@Plane@@QEAAXAEAVMat@cv@@@Z) referenced in function main
calibrateProj.obj : error LNK2019: unresolved external symbol "public: class cv::Vec<double,3> __cdecl Plane::intersect(class cv::Vec<double,3>)" (?intersect@Plane@@QEAA?AV?$Vec@N$02@cv@@V23@@Z) referenced in function main
calibrateProj.obj : error LNK2019: unresolved external symbol "public: void __cdecl Plane::display(double,float)" (?display@Plane@@QEAAXNM@Z) referenced in function "void __cdecl display(void)" (?display@@YAXXZ)
calibrateProj.obj : error LNK2019: unresolved external symbol "public: static void __cdecl CalibPattern::computeChessboardObjPts(int,float,class cv::Size_<int>,class std::vector<class std::vector<class cv::Point3_<float>,class std::allocator<class cv::Point3_<float> > >,class std::allocator<class std::vector<class cv::Point3_<float>,class std::allocator<class cv::Point3_<float> > > > > &)" (?computeChessboardObjPts@CalibPattern@@SAXHMV?$Size_@H@cv@@AEAV?$vector@V?$vector@V?$Point3_@M@cv@@V?$allocator@V?$Point3_@M@cv@@@std@@@std@@V?$allocator@V?$vector@V?$Point3_@M@cv@@V?$allocator@V?$Point3_@M@cv@@@std@@@std@@@2@@std@@@Z) referenced in function main
calibrateProj.obj : error LNK2019: unresolved external symbol "public: static void __cdecl CalibPattern::findChessboardAndCirclesImPts(class std::basic_string<char,struct std::char_traits<char>,class std::allocator<char> >,int,class cv::Size_<int>,class cv::Size_<int>,class std::vector<class std::vector<class cv::Point_<float>,class std::allocator<class cv::Point_<float> > >,class std::allocator<class std::vector<class cv::Point_<float>,class std::allocator<class cv::Point_<float> > > > > &,class std::vector<class std::vector<class cv::Point_<float>,class std::allocator<class cv::Point_<float> > >,class std::allocator<class std::vector<class cv::Point_<float>,class std::allocator<class cv::Point_<float> > > > > &,class cv::Size_<int> &,bool,class cv::Mat &,class cv::Mat &,class cv::Mat &,int)" (?findChessboardAndCirclesImPts@CalibPattern@@SAXV?$basic_string@DU?$char_traits@D@std@@V?$allocator@D@2@@std@@HV?$Size_@H@cv@@1AEAV?$vector@V?$vector@V?$Point_@M@cv@@V?$allocator@V?$Point_@M@cv@@@std@@@std@@V?$allocator@V?$vector@V?$Point_@M@cv@@V?$allocator@V?$Point_@M@cv@@@std@@@std@@@2@@3@2AEAV45@_NAEAVMat@5@55H@Z) referenced in function main
calibrateProj.obj : error LNK2019: unresolved external symbol "public: static void __cdecl Homography::computeBirdsEyeViewHomography(class Plane &,class Camera &,class cv::Mat &,class cv::Mat &,class cv::Mat &)" (?computeBirdsEyeViewHomography@Homography@@SAXAEAVPlane@@AEAVCamera@@AEAVMat@cv@@22@Z) referenced in function main
calibrateProj.obj : error LNK2019: unresolved external symbol "public: static void __cdecl Homography::computeBirdsEyeViewVirtualProjAlignedWithVirtualCam(class Plane &,class Camera &,class Camera &,float,class cv::Mat &,class cv::Mat &,class cv::Mat &,class cv::Mat &)" (?computeBirdsEyeViewVirtualProjAlignedWithVirtualCam@Homography@@SAXAEAVPlane@@AEAVCamera@@1MAEAVMat@cv@@222@Z) referenced in function main
calibrateProj.obj : error LNK2019: unresolved external symbol "public: static void __cdecl Homography::computePlaneInducedHomography(class Plane &,class Camera &,class Camera &,class cv::Mat &)" (?computePlaneInducedHomography@Homography@@SAXAEAVPlane@@AEAVCamera@@1AEAVMat@cv@@@Z) referenced in function main
calibrateProj.obj : error LNK2019: unresolved external symbol __imp___glewWindowPos2i referenced in function "void __cdecl displayText(float,float,float,float,float,char const *)" (?displayText@@YAXMMMMMPEBD@Z)
calibrateProj.obj : error LNK2019: unresolved external symbol __imp_glewExperimental referenced in function "void __cdecl init(double,double)" (?init@@YAXNN@Z)
C:\Users\micha\Desktop\cpsspatialar\build\bin\Debug\calibrateProj.exe : fatal error LNK1120: 84 unresolved externals
