rectify.obj : error LNK2019: unresolved external symbol "void __cdecl cv::error(int,class std::basic_string<char,struct std::char_traits<char>,class std::allocator<char> > const &,char const *,char const *,int)" (?error@cv@@YAXHAEBV?$basic_string@DU?$char_traits@D@std@@V?$allocator@D@2@@std@@PEBD1H@Z) referenced in function "public: class cv::Size_<int> __cdecl cv::MatSize::operator()(void)const " (??RMatSize@cv@@QEBA?AV?$Size_@H@1@XZ)
rectify.obj : error LNK2019: unresolved external symbol "class cv::debug_build_guard::_InputOutputArray const & __cdecl cv::noArray(void)" (?noArray@cv@@YAAEBV_InputOutputArray@debug_build_guard@1@XZ) referenced in function main
rectify.obj : error LNK2019: unresolved external symbol "public: __cdecl cv::Mat::Mat(void)" (??0Mat@cv@@QEAA@XZ) referenced in function main
rectify.obj : error LNK2019: unresolved external symbol "public: __cdecl cv::Mat::~Mat(void)" (??1Mat@cv@@QEAA@XZ) referenced in function main
rectify.obj : error LNK2019: unresolved external symbol "public: __cdecl cv::FileStorage::FileStorage(void)" (??0FileStorage@cv@@QEAA@XZ) referenced in function main
rectify.obj : error LNK2019: unresolved external symbol "public: virtual __cdecl cv::FileStorage::~FileStorage(void)" (??1FileStorage@cv@@UEAA@XZ) referenced in function main
rectify.obj : error LNK2019: unresolved external symbol "public: virtual bool __cdecl cv::FileStorage::open(class std::basic_string<char,struct std::char_traits<char>,class std::allocator<char> > const &,int,class std::basic_string<char,struct std::char_traits<char>,class std::allocator<char> > const &)" (?open@FileStorage@cv@@UEAA_NAEBV?$basic_string@DU?$char_traits@D@std@@V?$allocator@D@2@@std@@H0@Z) referenced in function main
rectify.obj : error LNK2019: unresolved external symbol "public: class cv::FileNode __cdecl cv::FileStorage::operator[](char const *)const " (??AFileStorage@cv@@QEBA?AVFileNode@1@PEBD@Z) referenced in function main
rectify.obj : error LNK2019: unresolved external symbol "void __cdecl cv::read(class cv::FileNode const &,class cv::Mat &,class cv::Mat const &)" (?read@cv@@YAXAEBVFileNode@1@AEAVMat@1@AEBV31@@Z) referenced in function "void __cdecl cv::operator>><class cv::Mat>(class cv::FileNode const &,class cv::Mat &)" (??$?5VMat@cv@@@cv@@YAXAEBVFileNode@0@AEAVMat@0@@Z)
rectify.obj : error LNK2019: unresolved external symbol "public: __cdecl cv::CommandLineParser::CommandLineParser(int,char const * const * const,class std::basic_string<char,struct std::char_traits<char>,class std::allocator<char> > const &)" (??0CommandLineParser@cv@@QEAA@HQEBQEBDAEBV?$basic_string@DU?$char_traits@D@std@@V?$allocator@D@2@@std@@@Z) referenced in function main
rectify.obj : error LNK2019: unresolved external symbol "public: __cdecl cv::CommandLineParser::~CommandLineParser(void)" (??1CommandLineParser@cv@@QEAA@XZ) referenced in function main
rectify.obj : error LNK2019: unresolved external symbol "protected: void __cdecl cv::CommandLineParser::getByIndex(int,bool,enum cv::Param,void *)const " (?getByIndex@CommandLineParser@cv@@IEBAXH_NW4Param@2@PEAX@Z) referenced in function "public: class std::basic_string<char,struct std::char_traits<char>,class std::allocator<char> > __cdecl cv::CommandLineParser::get<class std::basic_string<char,struct std::char_traits<char>,class std::allocator<char> > >(int,bool)const " (??$get@V?$basic_string@DU?$char_traits@D@std@@V?$allocator@D@2@@std@@@CommandLineParser@cv@@QEBA?AV?$basic_string@DU?$char_traits@D@std@@V?$allocator@D@2@@std@@H_N@Z)
rectify.obj : error LNK2019: unresolved external symbol "void __cdecl cv::warpPerspective(class cv::debug_build_guard::_InputArray const &,class cv::debug_build_guard::_OutputArray const &,class cv::debug_build_guard::_InputArray const &,class cv::Size_<int>,int,int,class cv::Scalar_<double> const &)" (?warpPerspective@cv@@YAXAEBV_InputArray@debug_build_guard@1@AEBV_OutputArray@31@0V?$Size_@H@1@HHAEBV?$Scalar_@N@1@@Z) referenced in function main
rectify.obj : error LNK2019: unresolved external symbol "class cv::Mat __cdecl cv::imread(class std::basic_string<char,struct std::char_traits<char>,class std::allocator<char> > const &,int)" (?imread@cv@@YA?AVMat@1@AEBV?$basic_string@DU?$char_traits@D@std@@V?$allocator@D@2@@std@@H@Z) referenced in function main
rectify.obj : error LNK2019: unresolved external symbol "bool __cdecl cv::imwrite(class std::basic_string<char,struct std::char_traits<char>,class std::allocator<char> > const &,class cv::debug_build_guard::_InputArray const &,class std::vector<int,class std::allocator<int> > const &)" (?imwrite@cv@@YA_NAEBV?$basic_string@DU?$char_traits@D@std@@V?$allocator@D@2@@std@@AEBV_InputArray@debug_build_guard@1@AEBV?$vector@HV?$allocator@H@std@@@3@@Z) referenced in function main
rectify.obj : error LNK2019: unresolved external symbol "void __cdecl cv::undistort(class cv::debug_build_guard::_InputArray const &,class cv::debug_build_guard::_OutputArray const &,class cv::debug_build_guard::_InputArray const &,class cv::debug_build_guard::_InputArray const &,class cv::debug_build_guard::_InputArray const &)" (?undistort@cv@@YAXAEBV_InputArray@debug_build_guard@1@AEBV_OutputArray@31@000@Z) referenced in function main
rectify.obj : error LNK2019: unresolved external symbol "public: __cdecl Camera::Camera(class cv::Mat &,class cv::Mat &,class cv::Mat &,int,int,float)" (??0Camera@@QEAA@AEAVMat@cv@@00HHM@Z) referenced in function main
rectify.obj : error LNK2019: unresolved external symbol "public: __cdecl Camera::~Camera(void)" (??1Camera@@QEAA@XZ) referenced in function main
rectify.obj : error LNK2019: unresolved external symbol "public: __cdecl Plane::Plane(class cv::Mat &)" (??0Plane@@QEAA@AEAVMat@cv@@@Z) referenced in function main
rectify.obj : error LNK2019: unresolved external symbol "public: static void __cdecl Homography::computeBirdsEyeViewHomography(class Plane &,class Camera &,class cv::Mat &,class cv::Mat &,class cv::Mat &)" (?computeBirdsEyeViewHomography@Homography@@SAXAEAVPlane@@AEAVCamera@@AEAVMat@cv@@22@Z) referenced in function main
C:\Users\micha\Desktop\cpsspatialar\build\bin\Debug\rectify.exe : fatal error LNK1120: 20 unresolved externals
